0 info it worked if it ends with ok
1 verbose cli [ '/usr/bin/node', '/usr/bin/npm', 'install', '-g', 'npm@latest' ]
2 info using npm@1.4.21
3 info using node@v8.11.1
4 verbose cache add [ 'npm@latest', null ]
5 verbose cache add name=undefined spec="npm@latest" args=["npm@latest",null]
6 verbose parsed url Url {
6 verbose parsed url   protocol: null,
6 verbose parsed url   slashes: null,
6 verbose parsed url   auth: null,
6 verbose parsed url   host: null,
6 verbose parsed url   port: null,
6 verbose parsed url   hostname: null,
6 verbose parsed url   hash: null,
6 verbose parsed url   search: null,
6 verbose parsed url   query: null,
6 verbose parsed url   pathname: 'npm@latest',
6 verbose parsed url   path: 'npm@latest',
6 verbose parsed url   href: 'npm@latest' }
7 verbose cache add name="npm" spec="latest" args=["npm","latest"]
8 verbose parsed url Url {
8 verbose parsed url   protocol: null,
8 verbose parsed url   slashes: null,
8 verbose parsed url   auth: null,
8 verbose parsed url   host: null,
8 verbose parsed url   port: null,
8 verbose parsed url   hostname: null,
8 verbose parsed url   hash: null,
8 verbose parsed url   search: null,
8 verbose parsed url   query: null,
8 verbose parsed url   pathname: 'latest',
8 verbose parsed url   path: 'latest',
8 verbose parsed url   href: 'latest' }
9 verbose addNamed [ 'npm', 'latest' ]
10 verbose addNamed [ null, null ]
11 silly lockFile 588f5fcc-npm-latest npm@latest
12 verbose lock npm@latest /home/pi/.npm/588f5fcc-npm-latest.lock
13 info addNameTag [ 'npm', 'latest' ]
14 verbose request where is /npm
15 verbose request registry https://registry.npmjs.org/
16 verbose request id 184573ad7e9991dc
17 verbose url raw /npm
18 verbose url resolving [ 'https://registry.npmjs.org/', './npm' ]
19 verbose url resolved https://registry.npmjs.org/npm
20 verbose request where is https://registry.npmjs.org/npm
21 info trying registry request attempt 1 at 9:58:11 PM
22 http GET https://registry.npmjs.org/npm
23 http 200 https://registry.npmjs.org/npm
24 silly registry.get cb [ 200,
24 silly registry.get   { date: 'Wed, 06 Feb 2019 16:13:12 GMT',
24 silly registry.get     'content-type': 'application/json',
24 silly registry.get     'transfer-encoding': 'chunked',
24 silly registry.get     connection: 'close',
24 silly registry.get     'set-cookie':
24 silly registry.get      [ '__cfduid=dba2aad4c7a40593bb44a98c816e9a84d1549469592; expires=Thu, 06-Feb-20 16:13:12 GMT; path=/; domain=.registry.npmjs.org; HttpOnly' ],
24 silly registry.get     'cf-cache-status': 'HIT',
24 silly registry.get     'cache-control': 'max-age=300',
24 silly registry.get     'cf-ray': '4a4ee7179a14a83c-KTM',
24 silly registry.get     etag: 'W/"04dbefd54d9c15c901466b62738a49c9"',
24 silly registry.get     'expect-ct': 'max-age=604800, report-uri="https://report-uri.cloudflare.com/cdn-cgi/beacon/expect-ct"',
24 silly registry.get     'last-modified': 'Tue, 05 Feb 2019 22:04:00 GMT',
24 silly registry.get     vary: 'accept-encoding, accept',
24 silly registry.get     'x-amz-meta-rev': '2014-e759ae335d0c28450bd897e9a4009996',
24 silly registry.get     server: 'cloudflare',
24 silly registry.get     'content-encoding': 'gzip' } ]
25 verbose addNamed [ 'npm', '6.7.0' ]
26 verbose addNamed [ '6.7.0', '6.7.0' ]
27 silly lockFile 6f031c7d-npm-6-7-0 npm@6.7.0
28 verbose lock npm@6.7.0 /home/pi/.npm/6f031c7d-npm-6-7-0.lock
29 silly lockFile 3f05e2c3-stry-npmjs-org-npm-npm-6-7-0-tgz https://registry.npmjs.org/npm/-/npm-6.7.0.tgz
30 verbose lock https://registry.npmjs.org/npm/-/npm-6.7.0.tgz /home/pi/.npm/3f05e2c3-stry-npmjs-org-npm-npm-6-7-0-tgz.lock
31 verbose addRemoteTarball [ 'https://registry.npmjs.org/npm/-/npm-6.7.0.tgz',
31 verbose addRemoteTarball   'a563d6e6806913b2afa4c713ba63047cb7c63ea4' ]
32 info retry fetch attempt 1 at 9:58:18 PM
33 verbose fetch to= /tmp/npm-5014-0vpDDGA9/registry.npmjs.org/npm/-/npm-6.7.0.tgz
34 http GET https://registry.npmjs.org/npm/-/npm-6.7.0.tgz
35 http 200 https://registry.npmjs.org/npm/-/npm-6.7.0.tgz
36 silly lockFile 3f05e2c3-stry-npmjs-org-npm-npm-6-7-0-tgz https://registry.npmjs.org/npm/-/npm-6.7.0.tgz
37 silly lockFile 3f05e2c3-stry-npmjs-org-npm-npm-6-7-0-tgz https://registry.npmjs.org/npm/-/npm-6.7.0.tgz
38 silly lockFile 6f031c7d-npm-6-7-0 npm@6.7.0
39 silly lockFile 6f031c7d-npm-6-7-0 npm@6.7.0
40 silly lockFile 588f5fcc-npm-latest npm@latest
41 silly lockFile 588f5fcc-npm-latest npm@latest
42 silly resolved [ { version: '6.7.0',
42 silly resolved     name: 'npm',
42 silly resolved     description: 'a package manager for JavaScript',
42 silly resolved     keywords: [ 'install', 'modules', 'package manager', 'package.json' ],
42 silly resolved     preferGlobal: true,
42 silly resolved     config: { publishtest: false },
42 silly resolved     homepage: 'https://docs.npmjs.com/',
42 silly resolved     author:
42 silly resolved      { name: 'Isaac Z. Schlueter',
42 silly resolved        email: 'i@izs.me',
42 silly resolved        url: 'http://blog.izs.me' },
42 silly resolved     repository: { type: 'git', url: 'git+https://github.com/npm/cli.git' },
42 silly resolved     bugs: { url: 'https://npm.community/c/bugs' },
42 silly resolved     directories: { bin: './bin', doc: './doc', lib: './lib', man: './man' },
42 silly resolved     main: './lib/npm.js',
42 silly resolved     bin: { npm: './bin/npm-cli.js', npx: './bin/npx-cli.js' },
42 silly resolved     dependencies:
42 silly resolved      { JSONStream: '^1.3.5',
42 silly resolved        abbrev: '~1.1.1',
42 silly resolved        ansicolors: '~0.3.2',
42 silly resolved        ansistyles: '~0.1.3',
42 silly resolved        aproba: '^2.0.0',
42 silly resolved        archy: '~1.0.0',
42 silly resolved        'bin-links': '^1.1.2',
42 silly resolved        bluebird: '^3.5.3',
42 silly resolved        'byte-size': '^5.0.1',
42 silly resolved        cacache: '^11.3.2',
42 silly resolved        'call-limit': '~1.1.0',
42 silly resolved        chownr: '^1.1.1',
42 silly resolved        'ci-info': '^2.0.0',
42 silly resolved        'cli-columns': '^3.1.2',
42 silly resolved        'cli-table3': '^0.5.1',
42 silly resolved        'cmd-shim': '~2.0.2',
42 silly resolved        columnify: '~1.5.4',
42 silly resolved        'config-chain': '^1.1.12',
42 silly resolved        'detect-indent': '~5.0.0',
42 silly resolved        'detect-newline': '^2.1.0',
42 silly resolved        dezalgo: '~1.0.3',
42 silly resolved        editor: '~1.0.0',
42 silly resolved        'figgy-pudding': '^3.5.1',
42 silly resolved        'find-npm-prefix': '^1.0.2',
42 silly resolved        'fs-vacuum': '~1.2.10',
42 silly resolved        'fs-write-stream-atomic': '~1.0.10',
42 silly resolved        'gentle-fs': '^2.0.1',
42 silly resolved        glob: '^7.1.3',
42 silly resolved        'graceful-fs': '^4.1.15',
42 silly resolved        'has-unicode': '~2.0.1',
42 silly resolved        'hosted-git-info': '^2.7.1',
42 silly resolved        iferr: '^1.0.2',
42 silly resolved        inflight: '~1.0.6',
42 silly resolved        inherits: '~2.0.3',
42 silly resolved        ini: '^1.3.5',
42 silly resolved        'init-package-json': '^1.10.3',
42 silly resolved        'is-cidr': '^3.0.0',
42 silly resolved        'json-parse-better-errors': '^1.0.2',
42 silly resolved        'lazy-property': '~1.0.0',
42 silly resolved        libcipm: '^3.0.3',
42 silly resolved        libnpm: '^2.0.1',
42 silly resolved        libnpmhook: '^5.0.2',
42 silly resolved        libnpx: '^10.2.0',
42 silly resolved        'lock-verify': '^2.0.2',
42 silly resolved        lockfile: '^1.0.4',
42 silly resolved        'lodash._baseuniq': '~4.6.0',
42 silly resolved        'lodash.clonedeep': '~4.5.0',
42 silly resolved        'lodash.union': '~4.6.0',
42 silly resolved        'lodash.uniq': '~4.5.0',
42 silly resolved        'lodash.without': '~4.4.0',
42 silly resolved        'lru-cache': '^4.1.5',
42 silly resolved        meant: '~1.0.1',
42 silly resolved        mississippi: '^3.0.0',
42 silly resolved        mkdirp: '~0.5.1',
42 silly resolved        'move-concurrently': '^1.0.1',
42 silly resolved        'node-gyp': '^3.8.0',
42 silly resolved        nopt: '~4.0.1',
42 silly resolved        'normalize-package-data': '~2.4.0',
42 silly resolved        'npm-audit-report': '^1.3.2',
42 silly resolved        'npm-cache-filename': '~1.0.2',
42 silly resolved        'npm-install-checks': '~3.0.0',
42 silly resolved        'npm-lifecycle': '^2.1.0',
42 silly resolved        'npm-package-arg': '^6.1.0',
42 silly resolved        'npm-packlist': '^1.2.0',
42 silly resolved        'npm-pick-manifest': '^2.2.3',
42 silly resolved        'npm-registry-fetch': '^3.8.0',
42 silly resolved        'npm-user-validate': '~1.0.0',
42 silly resolved        npmlog: '~4.1.2',
42 silly resolved        once: '~1.4.0',
42 silly resolved        opener: '^1.5.1',
42 silly resolved        osenv: '^0.1.5',
42 silly resolved        pacote: '^9.4.0',
42 silly resolved        'path-is-inside': '~1.0.2',
42 silly resolved        'promise-inflight': '~1.0.1',
42 silly resolved        'qrcode-terminal': '^0.12.0',
42 silly resolved        'query-string': '^6.2.0',
42 silly resolved        qw: '~1.0.1',
42 silly resolved        read: '~1.0.7',
42 silly resolved        'read-cmd-shim': '~1.0.1',
42 silly resolved        'read-installed': '~4.0.3',
42 silly resolved        'read-package-json': '^2.0.13',
42 silly resolved        'read-package-tree': '^5.2.1',
42 silly resolved        'readable-stream': '^3.1.1',
42 silly resolved        request: '^2.88.0',
42 silly resolved        retry: '^0.12.0',
42 silly resolved        rimraf: '^2.6.3',
42 silly resolved        'safe-buffer': '^5.1.2',
42 silly resolved        semver: '^5.6.0',
42 silly resolved        sha: '~2.0.1',
42 silly resolved        slide: '~1.1.6',
42 silly resolved        'sorted-object': '~2.0.1',
42 silly resolved        'sorted-union-stream': '~2.1.3',
42 silly resolved        ssri: '^6.0.1',
42 silly resolved        'stringify-package': '^1.0.0',
42 silly resolved        tar: '^4.4.8',
42 silly resolved        'text-table': '~0.2.0',
42 silly resolved        'tiny-relative-date': '^1.3.0',
42 silly resolved        'uid-number': '0.0.6',
42 silly resolved        umask: '~1.1.0',
42 silly resolved        'unique-filename': '^1.1.1',
42 silly resolved        unpipe: '~1.0.0',
42 silly resolved        'update-notifier': '^2.5.0',
42 silly resolved        uuid: '^3.3.2',
42 silly resolved        'validate-npm-package-license': '^3.0.4',
42 silly resolved        'validate-npm-package-name': '~3.0.0',
42 silly resolved        which: '^1.3.1',
42 silly resolved        'worker-farm': '^1.6.0',
42 silly resolved        'write-file-atomic': '^2.4.2',
42 silly resolved        debuglog: '*',
42 silly resolved        imurmurhash: '*',
42 silly resolved        libnpmaccess: '*',
42 silly resolved        libnpmorg: '*',
42 silly resolved        libnpmsearch: '*',
42 silly resolved        libnpmteam: '*',
42 silly resolved        'lodash._baseindexof': '*',
42 silly resolved        'lodash._bindcallback': '*',
42 silly resolved        'lodash._cacheindexof': '*',
42 silly resolved        'lodash._createcache': '*',
42 silly resolved        'lodash._getnative': '*',
42 silly resolved        'lodash.restparam': '*',
42 silly resolved        'npm-profile': '*',
42 silly resolved        'readdir-scoped-modules': '*' },
42 silly resolved     bundleDependencies:
42 silly resolved      [ 'abbrev',
42 silly resolved        'ansicolors',
42 silly resolved        'ansistyles',
42 silly resolved        'aproba',
42 silly resolved        'archy',
42 silly resolved        'bin-links',
42 silly resolved        'bluebird',
42 silly resolved        'byte-size',
42 silly resolved        'cacache',
42 silly resolved        'call-limit',
42 silly resolved        'chownr',
42 silly resolved        'ci-info',
42 silly resolved        'cli-columns',
42 silly resolved        'cli-table3',
42 silly resolved        'cmd-shim',
42 silly resolved        'columnify',
42 silly resolved        'config-chain',
42 silly resolved        'debuglog',
42 silly resolved        'detect-indent',
42 silly resolved        'detect-newline',
42 silly resolved        'dezalgo',
42 silly resolved        'editor',
42 silly resolved        'figgy-pudding',
42 silly resolved        'find-npm-prefix',
42 silly resolved        'fs-vacuum',
42 silly resolved        'fs-write-stream-atomic',
42 silly resolved        'gentle-fs',
42 silly resolved        'glob',
42 silly resolved        'graceful-fs',
42 silly resolved        'has-unicode',
42 silly resolved        'hosted-git-info',
42 silly resolved        'iferr',
42 silly resolved        'imurmurhash',
42 silly resolved        'inflight',
42 silly resolved        'inherits',
42 silly resolved        'ini',
42 silly resolved        'init-package-json',
42 silly resolved        'is-cidr',
42 silly resolved        'json-parse-better-errors',
42 silly resolved        'JSONStream',
42 silly resolved        'lazy-property',
42 silly resolved        'libcipm',
42 silly resolved        'libnpm',
42 silly resolved        'libnpmaccess',
42 silly resolved        'libnpmhook',
42 silly resolved        'libnpmorg',
42 silly resolved        'libnpmsearch',
42 silly resolved        'libnpmteam',
42 silly resolved        'libnpx',
42 silly resolved        'lock-verify',
42 silly resolved        'lockfile',
42 silly resolved        'lodash._baseindexof',
42 silly resolved        'lodash._baseuniq',
42 silly resolved        'lodash._bindcallback',
42 silly resolved        'lodash._cacheindexof',
42 silly resolved        'lodash._createcache',
42 silly resolved        'lodash._getnative',
42 silly resolved        'lodash.clonedeep',
42 silly resolved        'lodash.restparam',
42 silly resolved        'lodash.union',
42 silly resolved        'lodash.uniq',
42 silly resolved        'lodash.without',
42 silly resolved        'lru-cache',
42 silly resolved        'meant',
42 silly resolved        'mississippi',
42 silly resolved        'mkdirp',
42 silly resolved        'move-concurrently',
42 silly resolved        'node-gyp',
42 silly resolved        'nopt',
42 silly resolved        'normalize-package-data',
42 silly resolved        'npm-audit-report',
42 silly resolved        'npm-cache-filename',
42 silly resolved        'npm-install-checks',
42 silly resolved        'npm-lifecycle',
42 silly resolved        'npm-package-arg',
42 silly resolved        'npm-packlist',
42 silly resolved        'npm-pick-manifest',
42 silly resolved        'npm-profile',
42 silly resolved        'npm-registry-fetch',
42 silly resolved        'npm-user-validate',
42 silly resolved        'npmlog',
42 silly resolved        'once',
42 silly resolved        'opener',
42 silly resolved        'osenv',
42 silly resolved        'pacote',
42 silly resolved        'path-is-inside',
42 silly resolved        'promise-inflight',
42 silly resolved        'qrcode-terminal',
42 silly resolved        'query-string',
42 silly resolved        'qw',
42 silly resolved        'read-cmd-shim',
42 silly resolved        'read-installed',
42 silly resolved        'read-package-json',
42 silly resolved        'read-package-tree',
42 silly resolved        'read',
42 silly resolved        'readable-stream',
42 silly resolved        'readdir-scoped-modules',
42 silly resolved        'request',
42 silly resolved        'retry',
42 silly resolved        'rimraf',
42 silly resolved        ... 22 more items ],
42 silly resolved     devDependencies:
42 silly resolved      { 'deep-equal': '^1.0.1',
42 silly resolved        'get-stream': '^4.1.0',
42 silly resolved        licensee: '^5.0.0',
42 silly resolved        marked: '^0.6.0',
42 silly resolved        'marked-man': '^0.2.1',
42 silly resolved        'npm-registry-couchapp': '^2.7.1',
42 silly resolved        'npm-registry-mock': '^1.1.0',
42 silly resolved        'require-inject': '^1.4.4',
42 silly resolved        'sprintf-js': '^1.1.2',
42 silly resolved        standard: '^11.0.1',
42 silly resolved        tacks: '^1.2.7',
42 silly resolved        tap: '^12.1.1' },
42 silly resolved     scripts:
42 silly resolved      { dumpconf: 'env | grep npm | sort | uniq',
42 silly resolved        prepare: 'node bin/npm-cli.js rebuild && node bin/npm-cli.js --no-audit --no-timing prune --prefix=. --no-global && rimraf test/*/*/node_modules && make -j4 doc',
42 silly resolved        preversion: 'bash scripts/update-authors.sh && git add AUTHORS && git commit -m "update AUTHORS" || true',
42 silly resolved        licenses: 'licensee --production --errors-only',
42 silly resolved        tap: 'tap --reporter=classic --timeout 300',
42 silly resolved        'tap-cover': 'tap --reporter=classic --nyc-arg=\'--cache\' --coverage --timeout 600',
42 silly resolved        test: 'standard && npm run test-tap',
42 silly resolved        'test-coverage': 'npm run tap-cover -- "test/tap/*.js" "test/network/*.js" "test/broken-under-*/*.js"',
42 silly resolved        'test-tap': 'npm run tap -- "test/tap/*.js" "test/network/*.js" "test/broken-under-*/*.js"',
42 silly resolved        'test-node': 'tap --timeout 240 "test/tap/*.js" "test/network/*.js" "test/broken-under-nyc*/*.js"' },
42 silly resolved     license: 'Artistic-2.0',
42 silly resolved     contributors:
42 silly resolved      [ [Object],
42 silly resolved        [Object],
42 silly resolved        [Object],
42 silly resolved        [Object],
42 silly resolved        [Object],
42 silly resolved        [Object],
42 silly resolved        [Object],
42 silly resolved        [Object],
42 silly resolved        [Object],
42 silly resolved        [Object],
42 silly resolved        [Object],
42 silly resolved        [Object],
42 silly resolved        [Object],
42 silly resolved        [Object],
42 silly resolved        [Object],
42 silly resolved        [Object],
42 silly resolved        [Object],
42 silly resolved        [Object],
42 silly resolved        [Object],
42 silly resolved        [Object],
42 silly resolved        [Object],
42 silly resolved        [Object],
42 silly resolved        [Object],
42 silly resolved        [Object],
42 silly resolved        [Object],
42 silly resolved        [Object],
42 silly resolved        [Object],
42 silly resolved        [Object],
42 silly resolved        [Object],
42 silly resolved        [Object],
42 silly resolved        [Object],
42 silly resolved        [Object],
42 silly resolved        [Object],
42 silly resolved        [Object],
42 silly resolved        [Object],
42 silly resolved        [Object],
42 silly resolved        [Object],
42 silly resolved        [Object],
42 silly resolved        [Object],
42 silly resolved        [Object],
42 silly resolved        [Object],
42 silly resolved        [Object],
42 silly resolved        [Object],
42 silly resolved        [Object],
42 silly resolved        [Object],
42 silly resolved        [Object],
42 silly resolved        [Object],
42 silly resolved        [Object],
42 silly resolved        [Object],
42 silly resolved        [Object],
42 silly resolved        [Object],
42 silly resolved        [Object],
42 silly resolved        [Object],
42 silly resolved        [Object],
42 silly resolved        [Object],
42 silly resolved        [Object],
42 silly resolved        [Object],
42 silly resolved        [Object],
42 silly resolved        [Object],
42 silly resolved        [Object],
42 silly resolved        [Object],
42 silly resolved        [Object],
42 silly resolved        [Object],
42 silly resolved        [Object],
42 silly resolved        [Object],
42 silly resolved        [Object],
42 silly resolved        [Object],
42 silly resolved        [Object],
42 silly resolved        [Object],
42 silly resolved        [Object],
42 silly resolved        [Object],
42 silly resolved        [Object],
42 silly resolved        [Object],
42 silly resolved        [Object],
42 silly resolved        [Object],
42 silly resolved        [Object],
42 silly resolved        [Object],
42 silly resolved        [Object],
42 silly resolved        [Object],
42 silly resolved        [Object],
42 silly resolved        [Object],
42 silly resolved        [Object],
42 silly resolved        [Object],
42 silly resolved        [Object],
42 silly resolved        [Object],
42 silly resolved        [Object],
42 silly resolved        [Object],
42 silly resolved        [Object],
42 silly resolved        [Object],
42 silly resolved        [Object],
42 silly resolved        [Object],
42 silly resolved        [Object],
42 silly resolved        [Object],
42 silly resolved        [Object],
42 silly resolved        [Object],
42 silly resolved        [Object],
42 silly resolved        [Object],
42 silly resolved        [Object],
42 silly resolved        [Object],
42 silly resolved        [Object],
42 silly resolved        ... 520 more items ],
42 silly resolved     man:
42 silly resolved      [ '/Users/zkat/Documents/code/work/npm/man/man1/npm-access.1',
42 silly resolved        '/Users/zkat/Documents/code/work/npm/man/man1/npm-adduser.1',
42 silly resolved        '/Users/zkat/Documents/code/work/npm/man/man1/npm-audit.1',
42 silly resolved        '/Users/zkat/Documents/code/work/npm/man/man1/npm-bin.1',
42 silly resolved        '/Users/zkat/Documents/code/work/npm/man/man1/npm-bugs.1',
42 silly resolved        '/Users/zkat/Documents/code/work/npm/man/man1/npm-build.1',
42 silly resolved        '/Users/zkat/Documents/code/work/npm/man/man1/npm-bundle.1',
42 silly resolved        '/Users/zkat/Documents/code/work/npm/man/man1/npm-cache.1',
42 silly resolved        '/Users/zkat/Documents/code/work/npm/man/man1/npm-ci.1',
42 silly resolved        '/Users/zkat/Documents/code/work/npm/man/man1/npm-completion.1',
42 silly resolved        '/Users/zkat/Documents/code/work/npm/man/man1/npm-config.1',
42 silly resolved        '/Users/zkat/Documents/code/work/npm/man/man1/npm-dedupe.1',
42 silly resolved        '/Users/zkat/Documents/code/work/npm/man/man1/npm-deprecate.1',
42 silly resolved        '/Users/zkat/Documents/code/work/npm/man/man1/npm-dist-tag.1',
42 silly resolved        '/Users/zkat/Documents/code/work/npm/man/man1/npm-docs.1',
42 silly resolved        '/Users/zkat/Documents/code/work/npm/man/man1/npm-doctor.1',
42 silly resolved        '/Users/zkat/Documents/code/work/npm/man/man1/npm-edit.1',
42 silly resolved        '/Users/zkat/Documents/code/work/npm/man/man1/npm-explore.1',
42 silly resolved        '/Users/zkat/Documents/code/work/npm/man/man1/npm-help-search.1',
42 silly resolved        '/Users/zkat/Documents/code/work/npm/man/man1/npm-help.1',
42 silly resolved        '/Users/zkat/Documents/code/work/npm/man/man1/npm-hook.1',
42 silly resolved        '/Users/zkat/Documents/code/work/npm/man/man1/npm-init.1',
42 silly resolved        '/Users/zkat/Documents/code/work/npm/man/man1/npm-install-ci-test.1',
42 silly resolved        '/Users/zkat/Documents/code/work/npm/man/man1/npm-install-test.1',
42 silly resolved        '/Users/zkat/Documents/code/work/npm/man/man1/npm-install.1',
42 silly resolved        '/Users/zkat/Documents/code/work/npm/man/man1/npm-link.1',
42 silly resolved        '/Users/zkat/Documents/code/work/npm/man/man1/npm-logout.1',
42 silly resolved        '/Users/zkat/Documents/code/work/npm/man/man1/npm-ls.1',
42 silly resolved        '/Users/zkat/Documents/code/work/npm/man/man1/npm-org.1',
42 silly resolved        '/Users/zkat/Documents/code/work/npm/man/man1/npm-outdated.1',
42 silly resolved        '/Users/zkat/Documents/code/work/npm/man/man1/npm-owner.1',
42 silly resolved        '/Users/zkat/Documents/code/work/npm/man/man1/npm-pack.1',
42 silly resolved        '/Users/zkat/Documents/code/work/npm/man/man1/npm-ping.1',
42 silly resolved        '/Users/zkat/Documents/code/work/npm/man/man1/npm-prefix.1',
42 silly resolved        '/Users/zkat/Documents/code/work/npm/man/man1/npm-profile.1',
42 silly resolved        '/Users/zkat/Documents/code/work/npm/man/man1/npm-prune.1',
42 silly resolved        '/Users/zkat/Documents/code/work/npm/man/man1/npm-publish.1',
42 silly resolved        '/Users/zkat/Documents/code/work/npm/man/man1/npm-README.1',
42 silly resolved        '/Users/zkat/Documents/code/work/npm/man/man1/npm-rebuild.1',
42 silly resolved        '/Users/zkat/Documents/code/work/npm/man/man1/npm-repo.1',
42 silly resolved        '/Users/zkat/Documents/code/work/npm/man/man1/npm-restart.1',
42 silly resolved        '/Users/zkat/Documents/code/work/npm/man/man1/npm-root.1',
42 silly resolved        '/Users/zkat/Documents/code/work/npm/man/man1/npm-run-script.1',
42 silly resolved        '/Users/zkat/Documents/code/work/npm/man/man1/npm-search.1',
42 silly resolved        '/Users/zkat/Documents/code/work/npm/man/man1/npm-shrinkwrap.1',
42 silly resolved        '/Users/zkat/Documents/code/work/npm/man/man1/npm-star.1',
42 silly resolved        '/Users/zkat/Documents/code/work/npm/man/man1/npm-stars.1',
42 silly resolved        '/Users/zkat/Documents/code/work/npm/man/man1/npm-start.1',
42 silly resolved        '/Users/zkat/Documents/code/work/npm/man/man1/npm-stop.1',
42 silly resolved        '/Users/zkat/Documents/code/work/npm/man/man1/npm-team.1',
42 silly resolved        '/Users/zkat/Documents/code/work/npm/man/man1/npm-test.1',
42 silly resolved        '/Users/zkat/Documents/code/work/npm/man/man1/npm-token.1',
42 silly resolved        '/Users/zkat/Documents/code/work/npm/man/man1/npm-uninstall.1',
42 silly resolved        '/Users/zkat/Documents/code/work/npm/man/man1/npm-unpublish.1',
42 silly resolved        '/Users/zkat/Documents/code/work/npm/man/man1/npm-update.1',
42 silly resolved        '/Users/zkat/Documents/code/work/npm/man/man1/npm-version.1',
42 silly resolved        '/Users/zkat/Documents/code/work/npm/man/man1/npm-view.1',
42 silly resolved        '/Users/zkat/Documents/code/work/npm/man/man1/npm-whoami.1',
42 silly resolved        '/Users/zkat/Documents/code/work/npm/man/man1/npm.1',
42 silly resolved        '/Users/zkat/Documents/code/work/npm/man/man1/npx.1',
42 silly resolved        '/Users/zkat/Documents/code/work/npm/man/man5/npm-folders.5',
42 silly resolved        '/Users/zkat/Documents/code/work/npm/man/man5/npm-global.5',
42 silly resolved        '/Users/zkat/Documents/code/work/npm/man/man5/npm-json.5',
42 silly resolved        '/Users/zkat/Documents/code/work/npm/man/man5/npm-package-locks.5',
42 silly resolved        '/Users/zkat/Documents/code/work/npm/man/man5/npm-shrinkwrap.json.5',
42 silly resolved        '/Users/zkat/Documents/code/work/npm/man/man5/npmrc.5',
42 silly resolved        '/Users/zkat/Documents/code/work/npm/man/man5/package-lock.json.5',
42 silly resolved        '/Users/zkat/Documents/code/work/npm/man/man5/package.json.5',
42 silly resolved        '/Users/zkat/Documents/code/work/npm/man/man7/npm-coding-style.7',
42 silly resolved        '/Users/zkat/Documents/code/work/npm/man/man7/npm-config.7',
42 silly resolved        '/Users/zkat/Documents/code/work/npm/man/man7/npm-developers.7',
42 silly resolved        '/Users/zkat/Documents/code/work/npm/man/man7/npm-disputes.7',
42 silly resolved        '/Users/zkat/Documents/code/work/npm/man/man7/npm-index.7',
42 silly resolved        '/Users/zkat/Documents/code/work/npm/man/man7/npm-orgs.7',
42 silly resolved        '/Users/zkat/Documents/code/work/npm/man/man7/npm-registry.7',
42 silly resolved        '/Users/zkat/Documents/code/work/npm/man/man7/npm-scope.7',
42 silly resolved        '/Users/zkat/Documents/code/work/npm/man/man7/npm-scripts.7',
42 silly resolved        '/Users/zkat/Documents/code/work/npm/man/man7/removing-npm.7',
42 silly resolved        '/Users/zkat/Documents/code/work/npm/man/man7/semver.7' ],
42 silly resolved     gitHead: '550bf703ae3e31ba6a300658ae95b6937f67b68f',
42 silly resolved     _id: 'npm@6.7.0',
42 silly resolved     _nodeVersion: '11.6.0',
42 silly resolved     _npmVersion: '6.7.0',
42 silly resolved     dist:
42 silly resolved      { integrity: 'sha512-OtxCLzx+pcsjMGrjZpBp214ZjxzHcAe3zLYIlaVpRYqFHff6bgggyTLf2OZPO8lfxN0RHLJnFFUU016JCzM/Ww==',
42 silly resolved        shasum: 'a563d6e6806913b2afa4c713ba63047cb7c63ea4',
42 silly resolved        tarball: 'https://registry.npmjs.org/npm/-/npm-6.7.0.tgz',
42 silly resolved        fileCount: 3946,
42 silly resolved        unpackedSize: 18481053,
42 silly resolved        'npm-signature': '-----BEGIN PGP SIGNATURE-----\r\nVersion: OpenPGP.js v3.0.4\r\nComment: https://openpgpjs.org\r\n\r\nwsFcBAEBCAAQBQJcSObUCRA9TVsSAnZWagAACXMQAJSGKy0Xrfg3E0kqzPBf\nHtmOmQF+vAuqaul+hJMaO1EntJLKo6vN+iv1nKnGfD86OrCxZnrIsC6OChwH\nIXCaqCHgKqYG4WcEVYvC7Xn17JDYQ/m7/GFkxyHG5ebYPRwtF1Libj0fREm/\np1ActCnGErHZfhfGx6hCZaKm6SdNzxCG8y6LLHSsFHBxtarStQNjLfjNfDUU\nv1agT2TbDo4jaQsL5I+79GxbnGezqnEjt9Q1+LC4Gx1p6LoA9a1O/hW+UH8Z\ny4U3UxhlrBmp22j0kZoY7tysvoCHG5ANzHwAva03Uvr3yFmEJ6m+085ED3gE\ngDeKf8bejqb36ZvajfgsG9rVWlGYXHp98aJNeLoaakA+3ENGwOCWN/HZY8Bx\njT4YqEnjySKctdM8002x/MVJro8usCEDJnLYKAHwGMi60NVhgip0B8MD/XdA\n7QNKXbu/CTZIMxYzBHlLJ6Pt/j1nILTLVcGKVeSJQarvJ/DsDPm1LSMA/pt4\nJqKqmTL71KN4p5V9gC7CZa2dtQFS38EJaAUguLpFMprRyt7FkTYis83eCItq\nrlH7I+NCi60gMDHBT6wL01qoNei78gMeXGocSSozkWwjzEO5xZkpkcr45rG0\nkUZdcrQSTmfvxH9TCV95z+hFYfALASyRWdZVadzeC7WxalEYFkGG8hA8Qn6k\nZK6C\r\n=Mbde\r\n-----END PGP SIGNATURE-----\r\n' },
42 silly resolved     maintainers: [ [Object], [Object], [Object], [Object], [Object], [Object] ],
42 silly resolved     _npmUser: { name: 'zkat', email: 'npm@zkat.tech' },
42 silly resolved     _npmOperationalInternal:
42 silly resolved      { host: 's3://npm-registry-packages',
42 silly resolved        tmp: 'tmp/npm_6.7.0_1548281555277_0.8615394407203485' },
42 silly resolved     _hasShrinkwrap: false,
42 silly resolved     _shasum: 'a563d6e6806913b2afa4c713ba63047cb7c63ea4',
42 silly resolved     _from: 'npm@latest',
42 silly resolved     _resolved: 'https://registry.npmjs.org/npm/-/npm-6.7.0.tgz' } ]
43 info install npm@6.7.0 into /usr/local/lib
44 info installOne npm@6.7.0
45 verbose lib/node_modules/npm unbuild
46 verbose tar unpack /home/pi/.npm/npm/6.7.0/package.tgz
47 silly lockFile 3dfa8f63-r-usr-local-lib-node-modules-npm tar:///usr/local/lib/node_modules/npm
48 verbose lock tar:///usr/local/lib/node_modules/npm /home/pi/.npm/3dfa8f63-r-usr-local-lib-node-modules-npm.lock
49 silly lockFile 9a6d84d9-ome-pi-npm-npm-6-7-0-package-tgz tar:///home/pi/.npm/npm/6.7.0/package.tgz
50 verbose lock tar:///home/pi/.npm/npm/6.7.0/package.tgz /home/pi/.npm/9a6d84d9-ome-pi-npm-npm-6-7-0-package-tgz.lock
51 silly gunzTarPerm modes [ '755', '644' ]
52 error tar.unpack untar error /home/pi/.npm/npm/6.7.0/package.tgz
53 silly lockFile 3dfa8f63-r-usr-local-lib-node-modules-npm tar:///usr/local/lib/node_modules/npm
54 silly lockFile 3dfa8f63-r-usr-local-lib-node-modules-npm tar:///usr/local/lib/node_modules/npm
55 silly lockFile 9a6d84d9-ome-pi-npm-npm-6-7-0-package-tgz tar:///home/pi/.npm/npm/6.7.0/package.tgz
56 silly lockFile 9a6d84d9-ome-pi-npm-npm-6-7-0-package-tgz tar:///home/pi/.npm/npm/6.7.0/package.tgz
57 verbose lib/node_modules/npm unbuild
58 error Error: EACCES: permission denied, mkdir '/usr/local/lib/node_modules'
58 error  { Error: EACCES: permission denied, mkdir '/usr/local/lib/node_modules'
58 error   errno: -13,
58 error   code: 'EACCES',
58 error   syscall: 'mkdir',
58 error   path: '/usr/local/lib/node_modules',
58 error   fstream_type: 'Directory',
58 error   fstream_path: '/usr/local/lib/node_modules/npm',
58 error   fstream_class: 'DirWriter',
58 error   fstream_stack:
58 error    [ '/usr/lib/nodejs/fstream/lib/writer.js:171:25',
58 error      '/usr/lib/nodejs/mkdirp/index.js:46:53',
58 error      'FSReqWrap.oncomplete (fs.js:152:21)' ] }
59 error Please try running this command again as root/Administrator.
60 error System Linux 4.14.79-v7+
61 error command "/usr/bin/node" "/usr/bin/npm" "install" "-g" "npm@latest"
62 error cwd /home/pi/Mirror
63 error node -v v8.11.1
64 error npm -v 1.4.21
65 error path /usr/local/lib/node_modules
66 error syscall mkdir
67 error fstream_path /usr/local/lib/node_modules/npm
68 error fstream_type Directory
69 error fstream_class DirWriter
70 error code EACCES
71 error errno -13
72 error stack Error: EACCES: permission denied, mkdir '/usr/local/lib/node_modules'
73 error fstream_stack /usr/lib/nodejs/fstream/lib/writer.js:171:25
73 error fstream_stack /usr/lib/nodejs/mkdirp/index.js:46:53
73 error fstream_stack FSReqWrap.oncomplete (fs.js:152:21)
74 verbose exit [ -13, true ]
